make all file=sparse-dense --print-data-base --no-builtin-variables --no-builtin-rules --question
# GNU Make 3.81
# Copyright (C) 2006  Free Software Foundation, Inc.
# This is free software; see the source for copying conditions.
# There is NO warranty; not even for MERCHANTABILITY or FITNESS FOR A
# PARTICULAR PURPOSE.

# This program built for i386-apple-darwin11.3.0
 
make: *** No rule to make target `all'.  Stop.
 

# Make data base, printed on Sun Dec  5 16:58:35 2021

# Variables

# automatic
<D = $(patsubst %/,%,$(dir $<))
# environment
RUBY_VERSION = ruby-2.6.5
# automatic
?F = $(notdir $?)
# environment
VSCODE_LOG_NATIVE = false
# makefile (from `makefile', line 11)
TARGET = $(wildcard $(SRCDIR)/$(file)*.cpp)
# environment
NVM_INC = /Users/jabuj/.nvm/versions/node/v12.17.0/include/node
# automatic
?D = $(patsubst %/,%,$(dir $?))
# environment
rvm_path = /Users/jabuj/.rvm
# automatic
@D = $(patsubst %/,%,$(dir $@))
# automatic
@F = $(notdir $@)
# makefile
CURDIR := /Users/jabuj/Projects/programming-practice
# makefile
SHELL = /bin/sh
# environment
VSCODE_NLS_CONFIG = {"locale":"el","availableLanguages":{},"_languagePackSupport":true}
# environment
_ = /usr/bin/make
# makefile (from `makefile', line 4)
CFLAGS = -Wall -g -std=c++20
# makefile (from `makefile', line 1)
MAKEFILE_LIST :=  makefile
# makefile (from `makefile', line 12)
EXECUTABLE_OBJ = $(TARGET:$(SRCDIR)/%.cpp=$(OBJDIR)/%.o)
# makefile (from `makefile', line 16)
SRCS = $(wildcard $(LIBDIR)/*.cpp) $(wildcard $(LIBDIR)/**/*.cpp)
# environment
VSCODE_VERBOSE_LOGGING = true
# environment
__CFBundleIdentifier = com.microsoft.VSCode
# environment
VSCODE_IPC_HOOK_EXTHOST = /var/folders/ms/xk3ftbfd489f64t8_2_wfjn4l7p8dv/T/vscode-ipc-a19bd266-645c-4f7b-bc42-91cd2ae13c82.sock
# environment
VSCODE_CWD = /
# environment
PATH = /Users/jabuj/.rvm/gems/ruby-2.6.5/bin:/Users/jabuj/.rvm/gems/ruby-2.6.5@global/bin:/Users/jabuj/.rvm/rubies/ruby-2.6.5/bin:/usr/local/opt/ruby/bin:/Users/jabuj/.nvm/versions/node/v12.17.0/bin:/usr/local/bin:/usr/bin:/bin:/usr/sbin:/sbin:/usr/local/munki:/Library/Apple/usr/bin:/Users/jabuj/.rvm/bin
# environment
NVM_BIN = /Users/jabuj/.nvm/versions/node/v12.17.0/bin
# environment
LaunchInstanceID = F2D9E6CA-5388-4994-B4A4-416931FCE03C
# environment
VSCODE_LOG_STACK = false
# environment
ELECTRON_RUN_AS_NODE = 1
# default
.FEATURES := target-specific order-only second-expansion else-if archives jobserver check-symlink
# environment
SSH_AUTH_SOCK = /private/tmp/com.apple.launchd.VN4pUtDxAe/Listeners
# makefile (from `makefile', line 7)
SRCDIR = src
# automatic
%F = $(notdir $%)
# environment
VSCODE_PIPE_LOGGING = true
# makefile (from `makefile', line 17)
OBJS = $(patsubst $(LIBDIR)/%.cpp,$(OBJDIR)/%.o,$(SRCS))
# environment
rvm_bin_path = /Users/jabuj/.rvm/bin
# environment
PWD = /Users/jabuj/Projects/programming-practice
# environment
GEM_HOME = /Users/jabuj/.rvm/gems/ruby-2.6.5
# environment
ORIGINAL_XDG_CURRENT_DESKTOP = undefined
# environment
VSCODE_AMD_ENTRYPOINT = vs/workbench/services/extensions/node/extensionHostProcess
# environment
HOME = /Users/jabuj
# default
MAKEFILEPATH := /Applications/Xcode.app/Contents/Developer/Makefiles
# environment
VSCODE_CODE_CACHE_PATH = /Users/jabuj/Library/Application Support/Code/CachedData/ccbaa2d27e38e5afa3e5c21c1c7bef4657064247
# environment
LOGNAME = jabuj
# environment
APPLICATION_INSIGHTS_NO_DIAGNOSTIC_CHANNEL = true
# environment
NVM_CD_FLAGS = 
# automatic
+F = $(notdir $+)
# makefile (from `makefile', line 15)
HEADERS = $(wildcard $(LIBDIR)/*.hpp) $(wildcard $(LIBDIR)/**/*.hpp)
# environment
VSCODE_HANDLES_UNCAUGHT_ERRORS = true
# automatic
^D = $(patsubst %/,%,$(dir $^))
# environment
GEM_PATH = /Users/jabuj/.rvm/gems/ruby-2.6.5:/Users/jabuj/.rvm/gems/ruby-2.6.5@global
# environment
XPC_FLAGS = 0x0
# default
MAKE = $(MAKE_COMMAND)
# default
MAKECMDGOALS := all
# environment
IRBRC = /Users/jabuj/.rvm/rubies/ruby-2.6.5/.irbrc
# environment
SHLVL = 2
# makefile (from `makefile', line 6)
BINDIR = bin
# makefile (from `makefile', line 2)
CC = g++
# environment
MAKEOVERRIDES = ${-*-command-variables-*-}
# default
MAKE_VERSION := 3.81
# environment
USER = jabuj
# makefile
.DEFAULT_GOAL := run
# environment
rvm_version = 1.29.12-next (master)
# automatic
%D = $(patsubst %/,%,$(dir $%))
# default
MAKE_COMMAND := /Applications/Xcode.app/Contents/Developer/usr/bin/make
# makefile (from `makefile', line 9)
LIBDIR = $(SRCDIR)/lib
# default
.VARIABLES := 
# environment
TMPDIR = /var/folders/ms/xk3ftbfd489f64t8_2_wfjn4l7p8dv/T/
# automatic
*F = $(notdir $*)
# environment
VSCODE_IPC_HOOK = /Users/jabuj/Library/Application Support/Code/1.62.3-main.sock
# makefile
MAKEFLAGS = Rrqp -- $(MAKEOVERRIDES)
# environment
MFLAGS = -Rrqp
# automatic
*D = $(patsubst %/,%,$(dir $*))
# environment
NVM_DIR = /Users/jabuj/.nvm
# environment
XPC_SERVICE_NAME = application.com.microsoft.VSCode.23210799.23210805
# automatic
+D = $(patsubst %/,%,$(dir $+))
# automatic
-*-command-variables-*- := file=sparse-dense
# command line
file = sparse-dense
# environment
__CF_USER_TEXT_ENCODING = 0x267B21BB:0x6:0x14
# environment
COMMAND_MODE = unix2003
# default
MAKEFILES := 
# automatic
<F = $(notdir $<)
# makefile (from `makefile', line 13)
EXECUTABLE = $(BINDIR)/main
# makefile (from `makefile', line 8)
OBJDIR = $(BINDIR)/obj
# environment
LC_ALL = C
# makefile (from `makefile', line 3)
LIBS = -lm
# environment
SECURITYSESSIONID = 18796
# automatic
^F = $(notdir $^)
# environment
rvm_prefix = /Users/jabuj
# default
SUFFIXES := 
# environment
TEAMCITY_TOKEN = eyJ0eXAiOiAiVENWMiJ9.RXl4dG9vU2VPS0pVc3ltdTJtVGxEel84UnZn.YTQyOTMwZTctNTVmOC00MDAzLTgxNTAtNTFhNjc4NWU4NjU0
# default
.INCLUDE_DIRS = /usr/local/include
# environment
MAKELEVEL := 0
# environment
LANG = C
# environment
VSCODE_PID = 69739
# environment
MY_RUBY_HOME = /Users/jabuj/.rvm/rubies/ruby-2.6.5
# variable set hash-table stats:
# Load=94/1024=9%, Rehash=0, Collisions=21/183=11%

# Pattern-specific Variable Values

# No pattern-specific variable values.

# Directories

# src/lib/DenseMatrix.hpp (device 16777220, inode 23932591): could not be opened.
# src/lib/benchmark.hpp (device 16777220, inode 24171961): could not be opened.
# src/lib/Matrix.cpp (device 16777220, inode 23937565): could not be opened.
# . (device 16777220, inode 1445092): 17 files, no impossibilities.
# src/lib/SparseMatrix.cpp (device 16777220, inode 23940962): could not be opened.
# src/lib (device 16777220, inode 23931638): 11 files, no impossibilities.
# src/lib/DenseMatrix.cpp (device 16777220, inode 23932596): could not be opened.
# src/lib/benchmark.cpp (device 16777220, inode 24171953): could not be opened.
# src/lib/matrix-test.hpp (device 16777220, inode 24183916): could not be opened.
# src (device 16777220, inode 6371266): 6 files, no impossibilities.
# src/lib/Matrix.hpp (device 16777220, inode 23931895): could not be opened.
# src/lib/SparseMatrix.hpp (device 16777220, inode 23940969): could not be opened.

# 34 files, no impossibilities in 12 directories.

# Implicit Rules

# No implicit rules.

# Files

# Not a target:
src/sparse-dense-matrix-multiplication.cpp:
#  Implicit rule search has not been done.
#  Modification time never checked.
#  File has not been updated.

# Not a target:
src/lib/benchmark.hpp:
#  Implicit rule search has not been done.
#  Modification time never checked.
#  File has not been updated.

# Not a target:
all:
#  Command-line target.
#  Implicit rule search has been done.
#  File does not exist.
#  File has not been updated.
# variable set hash-table stats:
# Load=0/32=0%, Rehash=0, Collisions=0/0=0%

# Not a target:
src/lib/DenseMatrix.cpp:
#  Implicit rule search has not been done.
#  Modification time never checked.
#  File has not been updated.

.PHONY: run clean compile bin/obj/sparse-dense-matrix-multiplication.o
#  Implicit rule search has not been done.
#  Modification time never checked.
#  File has not been updated.

.PRECIOUS: bin/main bin/obj/DenseMatrix.o bin/obj/Matrix.o bin/obj/SparseMatrix.o bin/obj/benchmark.o
#  Implicit rule search has not been done.
#  Modification time never checked.
#  File has not been updated.

bin/obj/DenseMatrix.o: src/lib/DenseMatrix.cpp src/lib/DenseMatrix.hpp src/lib/Matrix.hpp src/lib/SparseMatrix.hpp src/lib/benchmark.hpp src/lib/matrix-test.hpp
#  Precious file (prerequisite of .PRECIOUS).
#  Implicit rule search has not been done.
#  Implicit/static pattern stem: `DenseMatrix'
#  Modification time never checked.
#  File has not been updated.
#  commands to execute (from `makefile', line 33):
	@mkdir -p $(@D)
 
	$(CC) $(CFLAGS) -c $< -o $@ $(CFLAGS)
	

# Not a target:
src/lib/DenseMatrix.hpp:
#  Implicit rule search has not been done.
#  Modification time never checked.
#  File has not been updated.

# Not a target:
.SUFFIXES:
#  Implicit rule search has not been done.
#  Modification time never checked.
#  File has not been updated.

# Not a target:
src/lib/SparseMatrix.cpp:
#  Implicit rule search has not been done.
#  Modification time never checked.
#  File has not been updated.

# Not a target:
makefile:
#  Implicit rule search has been done.
#  Last modified 2021-12-05 14:22:30
#  File has been updated.
#  Successfully updated.
# variable set hash-table stats:
# Load=0/32=0%, Rehash=0, Collisions=0/0=0%

bin/obj/SparseMatrix.o: src/lib/SparseMatrix.cpp src/lib/DenseMatrix.hpp src/lib/Matrix.hpp src/lib/SparseMatrix.hpp src/lib/benchmark.hpp src/lib/matrix-test.hpp
#  Precious file (prerequisite of .PRECIOUS).
#  Implicit rule search has not been done.
#  Implicit/static pattern stem: `SparseMatrix'
#  Modification time never checked.
#  File has not been updated.
#  commands to execute (from `makefile', line 33):
	@mkdir -p $(@D)
	$(CC) $(CFLAGS) -c $< -o $@ $(CFLAGS)
	

# Not a target:
src/lib/SparseMatrix.hpp:
#  Implicit rule search has not been done.
#  Modification time never checked.
#  File has not been updated.

bin/obj/sparse-dense-matrix-multiplication.o: src/sparse-dense-matrix-multiplication.cpp
#  Phony target (prerequisite of .PHONY).
#  Implicit rule search has not been done.
#  File does not exist.
#  File has not been updated.
#  commands to execute (from `makefile', line 37):
	@mkdir -p $(@D)
	$(CC) $(CFLAGS) -c $< -o $@ $(CFLAGS)
	

compile: bin/obj/DenseMatrix.o bin/obj/Matrix.o bin/obj/SparseMatrix.o bin/obj/benchmark.o bin/obj/sparse-dense-matrix-multiplication.o
#  Phony target (prerequisite of .PHONY).
#  Implicit rule search has not been done.
#  File does not exist.
#  File has not been updated.
#  commands to execute (from `makefile', line 27):
	echo $(OBJS)
	echo $(EXECUTABLE_OBJ)
	echo $(file)
	$(CC) $(CFLAGS) $^ $(LIBS) -o $(EXECUTABLE)
	

# Not a target:
.DEFAULT:
#  Implicit rule search has not been done.
#  Modification time never checked.
#  File has not been updated.

run: compile
#  Phony target (prerequisite of .PHONY).
#  Implicit rule search has not been done.
#  File does not exist.
#  File has not been updated.
#  commands to execute (from `makefile', line 23):
	@echo -n "$$ "
	$(EXECUTABLE)
	

clean:
#  Phony target (prerequisite of .PHONY).
#  Implicit rule search has not been done.
#  File does not exist.
#  File has not been updated.
#  commands to execute (from `makefile', line 41):
	@echo "Cleaning..."
	@rm -rvf $(BINDIR)/*
	@echo "Cleaning done"
	

# Not a target:
src/lib/Matrix.cpp:
#  Implicit rule search has not been done.
#  Modification time never checked.
#  File has not been updated.

# Not a target:
bin/main:
#  Precious file (prerequisite of .PRECIOUS).
#  Implicit rule search has not been done.
#  Modification time never checked.
#  File has not been updated.

# Not a target:
src/lib/benchmark.cpp:
#  Implicit rule search has not been done.
#  Modification time never checked.
#  File has not been updated.

bin/obj/Matrix.o: src/lib/Matrix.cpp src/lib/DenseMatrix.hpp src/lib/Matrix.hpp src/lib/SparseMatrix.hpp src/lib/benchmark.hpp src/lib/matrix-test.hpp
#  Precious file (prerequisite of .PRECIOUS).
#  Implicit rule search has not been done.
#  Implicit/static pattern stem: `Matrix'
#  Modification time never checked.
#  File has not been updated.
#  commands to execute (from `makefile', line 33):
	@mkdir -p $(@D)
	$(CC) $(CFLAGS) -c $< -o $@ $(CFLAGS)
	

# Not a target:
src/lib/matrix-test.hpp:
#  Implicit rule search has not been done.
#  Modification time never checked.
#  File has not been updated.

# Not a target:
src/lib/Matrix.hpp:
#  Implicit rule search has not been done.
#  Modification time never checked.
#  File has not been updated.

bin/obj/benchmark.o: src/lib/benchmark.cpp src/lib/DenseMatrix.hpp src/lib/Matrix.hpp src/lib/SparseMatrix.hpp src/lib/benchmark.hpp src/lib/matrix-test.hpp
#  Precious file (prerequisite of .PRECIOUS).
#  Implicit rule search has not been done.
#  Implicit/static pattern stem: `benchmark'
#  Modification time never checked.
#  File has not been updated.
#  commands to execute (from `makefile', line 33):
	@mkdir -p $(@D)
	$(CC) $(CFLAGS) -c $< -o $@ $(CFLAGS)
	

# files hash-table stats:
# Load=25/1024=2%, Rehash=0, Collisions=0/77=0%
# VPATH Search Paths

# No `vpath' search paths.

# No general (`VPATH' variable) search path.

# # of strings in strcache: 1
# # of strcache buffers: 1
# strcache size: total = 4096 / max = 4096 / min = 4096 / avg = 4096
# strcache free: total = 4087 / max = 4087 / min = 4087 / avg = 4087

# Finished Make data base on Sun Dec  5 16:58:35 2021

 
